<?xml version="1.0" encoding="UTF-8"?>
<!-- Generated by org.testng.reporters.JUnitXMLReporter -->
<testsuite hostname="Praveen-Jaiswal" ignored="0" name="Testing_MG10" tests="2" failures="2" timestamp="2023-03-10T14:13:16 IST" time="0.315" errors="0">
  <testcase name="addToverifyB1G2NoThanksFlowTC" time="0.065" classname="TestCaseM10.TC02">
    <failure type="java.lang.NullPointerException">
      <![CDATA[java.lang.NullPointerException
at TestCaseM10.TC02.addToverifyB1G2NoThanksFlowTC(TC02.java:16)
at java.util.ArrayList.forEach(Unknown Source)
... Removed 27 stack frames]]>
    </failure>
  </testcase> <!-- addToverifyB1G2NoThanksFlowTC -->
  <testcase name="verifyBuy1Get2FlowTC" time="0.007" classname="TestCaseM10.TC01">
    <failure type="java.lang.NullPointerException">
      <![CDATA[java.lang.NullPointerException
at TestCaseM10.TC01.verifyBuy1Get2FlowTC(TC01.java:18)
at java.util.ArrayList.forEach(Unknown Source)
... Removed 27 stack frames]]>
    </failure>
  </testcase> <!-- verifyBuy1Get2FlowTC -->
</testsuite> <!-- Testing_MG10 -->
