<?xml version="1.0" encoding="UTF-8"?>
<!-- Generated by org.testng.reporters.JUnitXMLReporter -->
<testsuite hostname="Praveen-Jaiswal" ignored="0" name="Testing MG10" tests="2" failures="1" timestamp="2023-03-10T13:08:58 IST" time="37.567" errors="0">
  <testcase name="verifyBuy1Get2FlowTC" time="29.475" classname="TestCaseM10.TC01"/>
  <testcase name="verifyBuy1Get2FlowTC" time="37.278" classname="TestCaseM10.TC01">
    <failure type="java.lang.NullPointerException">
      <![CDATA[java.lang.NullPointerException
at utilities.Reporting.onTestSuccess(Reporting.java:57)
at java.util.ArrayList.forEach(Unknown Source)
... Removed 24 stack frames]]>
    </failure>
  </testcase> <!-- verifyBuy1Get2FlowTC -->
</testsuite> <!-- Testing MG10 -->
