<?xml version="1.0" encoding="UTF-8"?>
<!-- Generated by org.testng.reporters.JUnitXMLReporter -->
<testsuite hostname="Praveen-Jaiswal" ignored="0" name="Regression-Test" tests="2" failures="2" timestamp="2023-02-14T19:14:54 IST" time="0.386" errors="0">
  <testcase name="addToCart" time="0.026" classname="TestCaseM10.B1G2NoThanksFlow">
    <failure type="java.lang.NullPointerException">
      <![CDATA[java.lang.NullPointerException
at pagePanel.AddCartPagePanel.scrollUntill(AddCartPagePanel.java:21)
at TestCaseM10.B1G2NoThanksFlow.addToCart(B1G2NoThanksFlow.java:12)
at java.util.ArrayList.forEach(Unknown Source)
... Removed 27 stack frames]]>
    </failure>
  </testcase> <!-- addToCart -->
  <testcase name="addToCart" time="0.066" classname="TestCaseM10.B1G2NoThanksFlow">
    <failure type="java.lang.NullPointerException">
      <![CDATA[java.lang.NullPointerException
at utilities.Reporting.onTestFailure(Reporting.java:88)
at java.util.ArrayList.forEach(Unknown Source)
... Removed 24 stack frames]]>
    </failure>
  </testcase> <!-- addToCart -->
</testsuite> <!-- Regression-Test -->
