<?xml version="1.0" encoding="UTF-8"?>
<!-- Generated by org.testng.reporters.JUnitXMLReporter -->
<testsuite hostname="Praveen-Jaiswal" ignored="0" name="Test Case 1" tests="2" failures="1" timestamp="2023-03-10T13:52:25 IST" time="33.704" errors="0">
  <testcase name="verifyBuy1Get2FlowTC" time="25.699" classname="TestCaseM10.TC01"/>
  <testcase name="verifyBuy1Get2FlowTC" time="33.4" classname="TestCaseM10.TC01">
    <failure type="java.lang.NullPointerException">
      <![CDATA[java.lang.NullPointerException
at utilities.Reporting.onTestSuccess(Reporting.java:57)
at java.util.ArrayList.forEach(Unknown Source)
... Removed 24 stack frames]]>
    </failure>
  </testcase> <!-- verifyBuy1Get2FlowTC -->
</testsuite> <!-- Test Case 1 -->
