<?xml version="1.0" encoding="UTF-8"?>
<testng-results skipped="0" failed="0" ignored="0" total="1" passed="1">
  <reporter-output>
  </reporter-output>
  <suite name="Suite" duration-ms="20513" started-at="2020-09-12T22:54:36 IST" finished-at="2020-09-12T22:54:56 IST">
    <groups>
    </groups>
    <test name="Test" duration-ms="20513" started-at="2020-09-12T22:54:36 IST" finished-at="2020-09-12T22:54:56 IST">
      <class name="testCases.AddCartTC">
        <test-method status="PASS" signature="setup(java.lang.String, org.testng.ITestContext)[pri:0, instance:testCases.AddCartTC@2833cc44]" name="setup" is-config="true" duration-ms="15311" started-at="2020-09-12T22:54:20 IST" finished-at="2020-09-12T22:54:36 IST">
          <params>
            <param index="0">
              <value>
                <![CDATA[chrome]]>
              </value>
            </param>
            <param index="1">
              <value>
                <![CDATA[org.testng.TestRunner@2cc3ad05]]>
              </value>
            </param>
          </params>
          <reporter-output>
          </reporter-output>
        </test-method> <!-- setup -->
        <test-method status="PASS" signature="addToCart()[pri:0, instance:testCases.AddCartTC@2833cc44]" name="addToCart" duration-ms="19495" started-at="2020-09-12T22:54:36 IST" finished-at="2020-09-12T22:54:56 IST">
          <reporter-output>
          </reporter-output>
        </test-method> <!-- addToCart -->
        <test-method status="PASS" signature="tearDown()[pri:0, instance:testCases.AddCartTC@2833cc44]" name="tearDown" is-config="true" duration-ms="1" started-at="2020-09-12T22:54:57 IST" finished-at="2020-09-12T22:54:57 IST">
          <reporter-output>
          </reporter-output>
        </test-method> <!-- tearDown -->
      </class> <!-- testCases.AddCartTC -->
    </test> <!-- Test -->
  </suite> <!-- Suite -->
</testng-results>
